# JRE version: OpenJDK Runtime Environment (21.0.5) (build 21.0.5+-12932927-b750.29)
# Java VM: OpenJDK 64-Bit Server VM (21.0.5+-12932927-b750.29, mixed mode, tiered, compressed oops, compressed class ptrs, g1 gc, windows-amd64)
GC Precious Log:
 CardTable entry size: 512
 Card Set container configuration: InlinePtr #cards 5 size 8 Array Of Cards #cards 12 size 40 Howl #buckets 4 coarsen threshold 1843 Howl Bitmap #cards 512 size 80 coarsen threshold 460 Card regions per heap region 1 cards per card region 2048
 CPUs: 8 total, 8 available
 Memory: 16080M
 Large Page Support: Disabled
 NUMA Support: Disabled
 Compressed Oops: Enabled (32-bit)
 Heap Region Size: 1M
 Heap Min Capacity: 8M
 Heap Initial Capacity: 252M
 Heap Max Capacity: 2G
 Pre-touch: Disabled
 Parallel Workers: 8
 Concurrent Workers: 2
 Concurrent Refinement Workers: 8
 Periodic GC: Disabled
Heap:
 garbage-first heap   total 270336K, used 189768K [0x0000000080000000, 0x0000000100000000)
  region size 1024K, 30 young (30720K), 5 survivors (5120K)
 Metaspace       used 118214K, committed 120576K, reserved 1179648K
  class space    used 15737K, committed 16960K, reserved 1048576K
GC Heap History (20 events):
Event: 24.053 GC heap before
{Heap before GC invocations=38 (full 0):
 garbage-first heap   total 181248K, used 161003K [0x0000000080000000, 0x0000000100000000)
  region size 1024K, 52 young (53248K), 5 survivors (5120K)
 Metaspace       used 89798K, committed 91840K, reserved 1179648K
  class space    used 11979K, committed 12992K, reserved 1048576K
}
Event: 24.060 GC heap after
{Heap after GC invocations=39 (full 0):
 garbage-first heap   total 181248K, used 115257K [0x0000000080000000, 0x0000000100000000)
  region size 1024K, 6 young (6144K), 6 survivors (6144K)
 Metaspace       used 89798K, committed 91840K, reserved 1179648K
  class space    used 11979K, committed 12992K, reserved 1048576K
}
Event: 25.037 GC heap before
{Heap before GC invocations=39 (full 0):
 garbage-first heap   total 181248K, used 163385K [0x0000000080000000, 0x0000000100000000)
  region size 1024K, 53 young (54272K), 6 survivors (6144K)
 Metaspace       used 94474K, committed 96512K, reserved 1179648K
  class space    used 12566K, committed 13632K, reserved 1048576K
}
Event: 25.045 GC heap after
{Heap after GC invocations=40 (full 0):
 garbage-first heap   total 181248K, used 117981K [0x0000000080000000, 0x0000000100000000)
  region size 1024K, 5 young (5120K), 5 survivors (5120K)
 Metaspace       used 94474K, committed 96512K, reserved 1179648K
  class space    used 12566K, committed 13632K, reserved 1048576K
}
Event: 26.642 GC heap before
{Heap before GC invocations=41 (full 0):
 garbage-first heap   total 198656K, used 167133K [0x0000000080000000, 0x0000000100000000)
  region size 1024K, 50 young (51200K), 5 survivors (5120K)
 Metaspace       used 96433K, committed 98560K, reserved 1179648K
  class space    used 12860K, committed 13952K, reserved 1048576K
}
Event: 26.649 GC heap after
{Heap after GC invocations=42 (full 0):
 garbage-first heap   total 198656K, used 124062K [0x0000000080000000, 0x0000000100000000)
  region size 1024K, 6 young (6144K), 6 survivors (6144K)
 Metaspace       used 96433K, committed 98560K, reserved 1179648K
  class space    used 12860K, committed 13952K, reserved 1048576K
}
Event: 27.334 GC heap before
{Heap before GC invocations=42 (full 0):
 garbage-first heap   total 198656K, used 181406K [0x0000000080000000, 0x0000000100000000)
  region size 1024K, 61 young (62464K), 6 survivors (6144K)
 Metaspace       used 100801K, committed 102912K, reserved 1179648K
  class space    used 13463K, committed 14528K, reserved 1048576K
}
Event: 27.341 GC heap after
{Heap after GC invocations=43 (full 0):
 garbage-first heap   total 198656K, used 125448K [0x0000000080000000, 0x0000000100000000)
  region size 1024K, 5 young (5120K), 5 survivors (5120K)
 Metaspace       used 100801K, committed 102912K, reserved 1179648K
  class space    used 13463K, committed 14528K, reserved 1048576K
}
Event: 28.156 GC heap before
{Heap before GC invocations=43 (full 0):
 garbage-first heap   total 198656K, used 181768K [0x0000000080000000, 0x0000000100000000)
  region size 1024K, 60 young (61440K), 5 survivors (5120K)
 Metaspace       used 105205K, committed 107456K, reserved 1179648K
  class space    used 14212K, committed 15360K, reserved 1048576K
}
Event: 28.162 GC heap after
{Heap after GC invocations=44 (full 0):
 garbage-first heap   total 198656K, used 128092K [0x0000000080000000, 0x0000000100000000)
  region size 1024K, 5 young (5120K), 5 survivors (5120K)
 Metaspace       used 105205K, committed 107456K, reserved 1179648K
  class space    used 14212K, committed 15360K, reserved 1048576K
}
Event: 28.807 GC heap before
{Heap before GC invocations=44 (full 0):
 garbage-first heap   total 198656K, used 174172K [0x0000000080000000, 0x0000000100000000)
  region size 1024K, 52 young (53248K), 5 survivors (5120K)
 Metaspace       used 108294K, committed 110592K, reserved 1179648K
  class space    used 14583K, committed 15744K, reserved 1048576K
}
Event: 28.815 GC heap after
{Heap after GC invocations=45 (full 0):
 garbage-first heap   total 198656K, used 132886K [0x0000000080000000, 0x0000000100000000)
  region size 1024K, 8 young (8192K), 8 survivors (8192K)
 Metaspace       used 108294K, committed 110592K, reserved 1179648K
  class space    used 14583K, committed 15744K, reserved 1048576K
}
Event: 29.345 GC heap before
{Heap before GC invocations=46 (full 0):
 garbage-first heap   total 230400K, used 196374K [0x0000000080000000, 0x0000000100000000)
  region size 1024K, 52 young (53248K), 8 survivors (8192K)
 Metaspace       used 113404K, committed 115712K, reserved 1179648K
  class space    used 15223K, committed 16384K, reserved 1048576K
}
Event: 29.355 GC heap after
{Heap after GC invocations=47 (full 0):
 garbage-first heap   total 230400K, used 154148K [0x0000000080000000, 0x0000000100000000)
  region size 1024K, 7 young (7168K), 7 survivors (7168K)
 Metaspace       used 113404K, committed 115712K, reserved 1179648K
  class space    used 15223K, committed 16384K, reserved 1048576K
}
Event: 32.683 GC heap before
{Heap before GC invocations=47 (full 0):
 garbage-first heap   total 230400K, used 209444K [0x0000000080000000, 0x0000000100000000)
  region size 1024K, 62 young (63488K), 7 survivors (7168K)
 Metaspace       used 115027K, committed 117376K, reserved 1179648K
  class space    used 15449K, committed 16640K, reserved 1048576K
}
Event: 32.690 GC heap after
{Heap after GC invocations=48 (full 0):
 garbage-first heap   total 230400K, used 156736K [0x0000000080000000, 0x0000000100000000)
  region size 1024K, 4 young (4096K), 4 survivors (4096K)
 Metaspace       used 115027K, committed 117376K, reserved 1179648K
  class space    used 15449K, committed 16640K, reserved 1048576K
}
Event: 35.889 GC heap before
{Heap before GC invocations=48 (full 0):
 garbage-first heap   total 230400K, used 212032K [0x0000000080000000, 0x0000000100000000)
  region size 1024K, 59 young (60416K), 4 survivors (4096K)
 Metaspace       used 115036K, committed 117376K, reserved 1179648K
  class space    used 15450K, committed 16640K, reserved 1048576K
}
Event: 35.896 GC heap after
{Heap after GC invocations=49 (full 0):
 garbage-first heap   total 230400K, used 161296K [0x0000000080000000, 0x0000000100000000)
  region size 1024K, 8 young (8192K), 8 survivors (8192K)
 Metaspace       used 115036K, committed 117376K, reserved 1179648K
  class space    used 15450K, committed 16640K, reserved 1048576K
}
Event: 38.354 GC heap before
{Heap before GC invocations=50 (full 0):
 garbage-first heap   total 270336K, used 207376K [0x0000000080000000, 0x0000000100000000)
  region size 1024K, 53 young (54272K), 8 survivors (8192K)
 Metaspace       used 115283K, committed 117568K, reserved 1179648K
  class space    used 15470K, committed 16640K, reserved 1048576K
}
Event: 38.361 GC heap after
{Heap after GC invocations=51 (full 0):
 garbage-first heap   total 270336K, used 164168K [0x0000000080000000, 0x0000000100000000)
  region size 1024K, 5 young (5120K), 5 survivors (5120K)
 Metaspace       used 115283K, committed 117568K, reserved 1179648K
  class space    used 15470K, committed 16640K, reserved 1048576K
}

